2023-07-01 23:29:07,783 - DEBUG - һϢ
2023-07-01 23:29:07,785 - INFO - һϢ־
2023-07-01 23:29:07,785 - WARNING - һ־
2023-07-01 23:29:07,786 - ERROR - һ־
2023-07-01 23:29:07,786 - CRITICAL - һش־
2023-07-01 23:29:12,804 - DEBUG - һϢ
2023-07-01 23:29:12,805 - INFO - һϢ־
2023-07-01 23:29:12,805 - WARNING - һ־
2023-07-01 23:29:12,805 - ERROR - һ־
2023-07-01 23:29:12,805 - CRITICAL - һش־
2023-07-01 23:29:24,667 - DEBUG - һϢ
2023-07-01 23:29:24,668 - INFO - һϢ־
2023-07-01 23:29:24,668 - WARNING - һ־
2023-07-01 23:29:24,668 - ERROR - һ־
2023-07-01 23:29:24,668 - CRITICAL - һش־
2023-07-01 23:30:58,736 - DEBUG - 这是一条调试信息
2023-07-01 23:30:58,737 - INFO - 这是一条信息日志
2023-07-01 23:30:58,737 - WARNING - 这是一条警告日志
2023-07-01 23:30:58,738 - ERROR - 这是一条错误日志
2023-07-01 23:30:58,738 - CRITICAL - 这是一条严重错误日志
2023-07-01 23:34:20,235 - DEBUG - 这是一条调试信息
2023-07-01 23:34:20,235 - INFO - 这是一条信息日志
2023-07-01 23:34:20,235 - WARNING - 这是一条警告日志
2023-07-01 23:34:20,236 - ERROR - 这是一条错误日志
2023-07-01 23:34:20,236 - CRITICAL - 这是一条严重错误日志
2023-07-01 23:35:30,433 - DEBUG - 这是一条调试信息
2023-07-01 23:35:30,433 - INFO - 这是一条信息日志
2023-07-01 23:35:30,434 - WARNING - 这是一条警告日志
2023-07-01 23:35:30,434 - ERROR - 这是一条错误日志
2023-07-01 23:35:30,434 - CRITICAL - 这是一条严重错误日志
2023-07-01 23:39:58,275 - DEBUG - 这是一条调试信息
2023-07-01 23:39:58,275 - INFO - 这是一条信息日志
2023-07-01 23:39:58,275 - WARNING - 这是一条警告日志
2023-07-01 23:39:58,276 - ERROR - 这是一条错误日志
2023-07-01 23:39:58,276 - CRITICAL - 这是一条严重错误日志
2023-07-01 23:57:10,032 - DEBUG - 这是一条调试信息
2023-07-01 23:57:10,033 - INFO - 这是一条信息日志
2023-07-01 23:57:10,033 - WARNING - 这是一条警告日志
2023-07-01 23:57:10,033 - ERROR - 这是一条错误日志
2023-07-01 23:57:10,033 - CRITICAL - 这是一条严重错误日志
2023-07-02 00:00:53,639 - ERROR - 截图发生异常: 'MyClass' object has no attribute 'my_method'
2023-07-02 00:04:13,813 - DEBUG - 这是一条调试信息
2023-07-02 00:04:13,814 - INFO - 这是一条信息日志
2023-07-02 00:04:13,814 - WARNING - 这是一条警告日志
2023-07-02 00:04:13,814 - ERROR - 这是一条错误日志
2023-07-02 00:04:13,814 - CRITICAL - 这是一条严重错误日志
2023-07-02 00:22:19,688 - DEBUG - 调试日志消息
2023-07-02 00:22:19,689 - INFO - 信息日志消息
2023-07-02 00:22:19,689 - WARNING - 警告日志消息
2023-07-02 00:22:23,273 - INFO - 成功截取了屏幕截图
2023-07-02 00:31:58,593 - DEBUG - 调试日志消息
2023-07-02 00:31:58,594 - INFO - 信息日志消息
2023-07-02 00:31:58,594 - WARNING - 警告日志消息
2023-07-02 00:32:35,258 - DEBUG - 调试日志消息
2023-07-02 00:32:35,259 - INFO - 信息日志消息
2023-07-02 00:32:35,259 - WARNING - 警告日志消息
